2021-09-02 18:35:42 INFO  amazon:32 - Url is opened
 2021-09-02 18:35:44 INFO  amazon:36 - Username is send
 2021-09-02 18:35:45 INFO  amazon:39 - password is send
 2021-09-02 18:42:11 INFO  amazon:32 - Url is opened
 2021-09-02 18:42:13 INFO  amazon:36 - Username is send
 2021-09-02 18:42:14 INFO  amazon:39 - password is send
  2021-09-02 20:03:28 INFO  amazon:32 - Url is opened
  2021-09-02 20:03:30 INFO  amazon:36 - Username is send
  2021-09-02 20:03:31 INFO  amazon:39 - password is send
  2021-09-02 20:03:56 INFO  amazon:32 - Url is opened
  2021-09-02 20:03:58 INFO  amazon:36 - Username is send
  2021-09-02 20:03:58 INFO  amazon:39 - password is send
  2021-09-02 22:46:23 INFO  amazon:34 - Url is opened
  2021-09-02 22:48:48 INFO  amazon:34 - Url is opened
  2021-09-02 22:51:04 INFO  amazon:34 - Url is opened
  2021-09-02 22:51:06 INFO  amazon:38 - Username is send
  2021-09-02 22:51:07 INFO  amazon:41 - password is send
  2021-09-02 22:54:37 INFO  amazon:34 - Url is opened
  2021-09-02 22:54:38 INFO  amazon:38 - Username is send
  2021-09-02 22:54:40 INFO  amazon:41 - password is send
  2021-09-07 18:58:58 INFO  amazon:34 - Url is opened
  2021-09-07 18:59:00 INFO  amazon:38 - Username is send
  2021-09-07 18:59:01 INFO  amazon:41 - password is send
  2021-09-08 13:07:04 INFO  amazon:34 - Url is opened
  2021-09-08 13:07:05 INFO  amazon:38 - Username is send
  2021-09-08 13:07:08 INFO  amazon:41 - password is send
  2021-09-08 13:21:02 INFO  amazon:34 - Url is opened
  2021-09-08 13:21:04 INFO  amazon:38 - Username is send
  2021-09-08 13:21:06 INFO  amazon:41 - password is send
  2021-09-08 13:29:40 INFO  amazon:34 - Url is opened
  2021-09-08 13:29:42 INFO  amazon:38 - Username is send
  2021-09-08 13:29:43 INFO  amazon:41 - password is send
  2021-09-08 13:33:18 INFO  amazon:34 - Url is opened
  2021-09-08 13:33:21 INFO  amazon:38 - Username is send
  2021-09-08 13:33:22 INFO  amazon:41 - password is send
  2021-09-08 13:39:15 INFO  amazon:34 - Url is opened
  2021-09-08 13:39:17 INFO  amazon:38 - Username is send
  2021-09-08 13:39:19 INFO  amazon:41 - password is send
  2021-09-08 13:42:58 INFO  amazon:34 - Url is opened
  2021-09-08 13:42:59 INFO  amazon:38 - Username is send
  2021-09-08 13:43:00 INFO  amazon:41 - password is send
  2021-09-08 13:43:59 INFO  amazon:34 - Url is opened
  2021-09-08 13:44:01 INFO  amazon:38 - Username is send
  2021-09-08 13:44:02 INFO  amazon:41 - password is send
  2021-09-08 14:05:16 INFO  amazon:34 - Url is opened
  2021-09-08 14:05:18 INFO  amazon:38 - Username is send
  2021-09-08 14:05:19 INFO  amazon:41 - password is send
  2021-09-08 14:06:34 INFO  amazon:34 - Url is opened
  2021-09-08 14:06:35 INFO  amazon:38 - Username is send
  2021-09-08 14:06:36 INFO  amazon:41 - password is send
  